{"C:\\Users\\ASUS\\parcial-calidad-enmanuel\\src\\operations.js": {"path":"C:\\Users\\ASUS\\parcial-calidad-enmanuel\\src\\operations.js","statementMap":{"0":{"start":{"line":2,"column":4},"end":{"line":2,"column":17}},"1":{"start":{"line":6,"column":4},"end":{"line":6,"column":17}},"2":{"start":{"line":10,"column":4},"end":{"line":10,"column":17}},"3":{"start":{"line":14,"column":4},"end":{"line":14,"column":65}},"4":{"start":{"line":14,"column":17},"end":{"line":14,"column":65}},"5":{"start":{"line":15,"column":4},"end":{"line":15,"column":17}},"6":{"start":{"line":18,"column":0},"end":{"line":18,"column":57}}},"fnMap":{"0":{"name":"sumar","decl":{"start":{"line":1,"column":9},"end":{"line":1,"column":14}},"loc":{"start":{"line":1,"column":21},"end":{"line":3,"column":1}},"line":1},"1":{"name":"restar","decl":{"start":{"line":5,"column":9},"end":{"line":5,"column":15}},"loc":{"start":{"line":5,"column":22},"end":{"line":7,"column":1}},"line":5},"2":{"name":"multiplicar","decl":{"start":{"line":9,"column":9},"end":{"line":9,"column":20}},"loc":{"start":{"line":9,"column":27},"end":{"line":11,"column":1}},"line":9},"3":{"name":"dividir","decl":{"start":{"line":13,"column":9},"end":{"line":13,"column":16}},"loc":{"start":{"line":13,"column":23},"end":{"line":16,"column":1}},"line":13}},"branchMap":{"0":{"loc":{"start":{"line":14,"column":4},"end":{"line":14,"column":65}},"type":"if","locations":[{"start":{"line":14,"column":4},"end":{"line":14,"column":65}},{"start":{},"end":{}}],"line":14}},"s":{"0":1,"1":1,"2":1,"3":2,"4":1,"5":1,"6":1},"f":{"0":1,"1":1,"2":1,"3":2},"b":{"0":[1,1]},"_coverageSchema":"1a1c01bbd47fc00a2c39e90264f33305004495a9","hash":"e95218389bc07c1924a9c91e4378086e810d1fa3"}
}
